(node:20) ExperimentalWarning: CommonJS module /home/container/tmp/node-v23.1.0-linux-x64/lib/node_modules/npm/node_modules/debug/src/node.js is loading ES Module /home/container/tmp/node-v23.1.0-linux-x64/lib/node_modules/npm/node_modules/supports-color/index.js using require().
Support for loading ES Module in require() is an experimental feature and might change at any time
(Use `node --trace-warnings ...` to show where the warning was created)

changed 1 package, and audited 86 packages in 850ms

11 packages are looking for funding
  run `npm fund` for details

found 0 vulnerabilities
[Loader]Loading 2 applications
[Loader][Arab Clock Bot] => Starting { type: node, dir: ArabClockBot, start_file: index.js, auto_restart: true }
[Loader][Arab Clock Bot] NodeJS => Installing Dependencies...
[Loader][Project Bot] => Starting { type: python3.9, dir: ProjectClock, start_file: main.py, auto_restart: false }
[Loader][Project Bot] Python => Installing Dependencies...
[Loader][Project Bot] Python => Found requirements.txt
[Loader][Project Bot] Python => Installing aiohttp==3.9.5
[Loader][Project Bot] Python => All Requirements installed. Starting...
[Loader][Project Bot] Python => Installing aiosignal==1.3.1
[Loader][Project Bot] Python => All Requirements installed. Starting...
[Loader][Project Bot] Python => Installing aiosqlite==0.19.0
[Loader][Project Bot] Python => All Requirements installed. Starting...
[Loader][Project Bot] Python => Installing async-timeout==4.0.3
[Loader][Project Bot] Python => All Requirements installed. Starting...
[Loader][Project Bot] Python => Installing attrs==23.2.0
[Loader][Project Bot] Python => All Requirements installed. Starting...
[Loader][Project Bot] Python => Installing coloredlogs==15.0.1
[Loader][Project Bot] Python => All Requirements installed. Starting...
[Loader][Project Bot] Python => Installing disnake==2.9.2
[Loader][Project Bot] Python => All Requirements installed. Starting...
[Loader][Project Bot] Python => Installing frozenlist==1.4.1
[Loader][Project Bot] Python => All Requirements installed. Starting...
[Loader][Project Bot] Python => Installing greenlet==3.0.3
[Loader][Project Bot] Python => All Requirements installed. Starting...
[Loader][Project Bot] Python => Installing humanfriendly==10.0
[Loader][Project Bot] Python => All Requirements installed. Starting...
[Loader][Project Bot] Python => Installing idna==3.7
[Loader][Project Bot] Python => All Requirements installed. Starting...
[Loader][Project Bot] Python => Installing levenshtein==0.21.1
[Loader][Project Bot] Python => All Requirements installed. Starting...
[Loader][Project Bot] Python => Installing multidict==6.0.5
[Loader][Project Bot] Python => All Requirements installed. Starting...
[Loader][Project Bot] Python => Installing pyreadline3==3.4.1
[Loader][Project Bot] Python => All Requirements installed. Starting...
[Loader][Project Bot] Python => Installing python-dotenv==1.0.1
[Loader][Project Bot] Python => All Requirements installed. Starting...
[Loader][Project Bot] Python => Installing python-levenshtein==0.21.1
[Loader][Project Bot] Python => All Requirements installed. Starting...
[Loader][Project Bot] Python => Installing rapidfuzz==3.9.3
[Loader][Project Bot] Python => All Requirements installed. Starting...
[Loader][Project Bot] Python => Installing sqlalchemy==2.0.31
[Loader][Project Bot] Python => All Requirements installed. Starting...
[Loader][Project Bot] Python => Installing thefuzz==0.19.0
[Loader][Project Bot] Python => All Requirements installed. Starting...
[Loader][Project Bot] Python => Installing typing-extensions==4.12.2
[Loader][Project Bot] Python => All Requirements installed. Starting...
[Loader][Project Bot] Python => Installing yarl==1.9.4
[Loader][Project Bot] Python => All Requirements installed. Starting...
[Loader][Project Bot] Python => Installing pymongo==4.6.1
[Loader][Project Bot] Python => All Requirements installed. Starting...
[Loader][Project Bot] Python => Opening file main.py
[Loader][Arab Clock Bot] NodeJS => Opening file index.js
Traceback (most recent call last):
  File "/home/container/.local/lib/python3.9/site-packages/sqlalchemy/util/typing.py", line 230, in eval_expression
    annotation = eval(expression, cls_namespace, locals_)
  File "<string>", line 1, in <module>
TypeError: unsupported operand type(s) for |: 'type' and 'NoneType'

The above exception was the direct cause of the following exception:

Traceback (most recent call last):
  File "/home/container/.local/lib/python3.9/site-packages/sqlalchemy/orm/decl_base.py", line 1560, in _extract_mappable_attributes
    value.declarative_scan(
  File "/home/container/.local/lib/python3.9/site-packages/sqlalchemy/orm/properties.py", line 709, in declarative_scan
    self._init_column_for_annotation(
  File "/home/container/.local/lib/python3.9/site-packages/sqlalchemy/orm/properties.py", line 745, in _init_column_for_annotation
    argument = de_stringify_annotation(
  File "/home/container/.local/lib/python3.9/site-packages/sqlalchemy/util/typing.py", line 156, in de_stringify_annotation
    annotation = eval_expression(
  File "/home/container/.local/lib/python3.9/site-packages/sqlalchemy/util/typing.py", line 234, in eval_expression
    raise NameError(
NameError: Could not de-stringify annotation 'int | None'

The above exception was the direct cause of the following exception:

Traceback (most recent call last):
  File "/home/container/ProjectClock/main.py", line 9, in <module>
    from timeclock import database, log
  File "/home/container/ProjectClock/timeclock/database/__init__.py", line 4, in <module>
    from .guild import Guild
  File "/home/container/ProjectClock/timeclock/database/guild.py", line 13, in <module>
    class Guild(Base):
  File "/home/container/.local/lib/python3.9/site-packages/sqlalchemy/orm/decl_api.py", line 836, in __init_subclass__
    _as_declarative(cls._sa_registry, cls, cls.__dict__)
  File "/home/container/.local/lib/python3.9/site-packages/sqlalchemy/orm/decl_base.py", line 244, in _as_declarative
    return _MapperConfig.setup_mapping(registry, cls, dict_, None, {})
  File "/home/container/.local/lib/python3.9/site-packages/sqlalchemy/orm/decl_base.py", line 325, in setup_mapping
    return _ClassScanMapperConfig(
  File "/home/container/.local/lib/python3.9/site-packages/sqlalchemy/orm/decl_base.py", line 572, in __init__
    self._extract_mappable_attributes()
  File "/home/container/.local/lib/python3.9/site-packages/sqlalchemy/orm/decl_base.py", line 1572, in _extract_mappable_attributes
    raise exc.ArgumentError(
sqlalchemy.exc.ArgumentError: Could not resolve all types within mapped annotation: "Mapped[int | None]".  Ensure all types are written correctly and are imported within the module in use.
[Loader][Project Bot] => Exited... Auto-Restart: false
[Loader][Project Bot] ERROR => Too Many Attempts... Exiting.
node:internal/modules/cjs/loader:1249
  throw err;
  ^

Error: Cannot find module './models/Ticket'
Require stack:
- /home/container/ArabClockBot/index.js
    at Function._resolveFilename (node:internal/modules/cjs/loader:1246:15)
    at Function._load (node:internal/modules/cjs/loader:1072:27)
    at TracingChannel.traceSync (node:diagnostics_channel:322:14)
    at wrapModuleLoad (node:internal/modules/cjs/loader:216:24)
    at Module.require (node:internal/modules/cjs/loader:1337:12)
    at require (node:internal/modules/helpers:139:16)
    at Object.<anonymous> (/home/container/ArabClockBot/index.js:27:16)
    at Module._compile (node:internal/modules/cjs/loader:1572:14)
    at Object..js (node:internal/modules/cjs/loader:1709:10)
    at Module.load (node:internal/modules/cjs/loader:1315:32) {
  code: 'MODULE_NOT_FOUND',
  requireStack: [ '/home/container/ArabClockBot/index.js' ]
}

Node.js v23.1.0
[Loader][Arab Clock Bot] => Exited... Auto-Restart: true
[Loader][Arab Clock Bot] WARN => Auto-Restarting... Attempt 1
[Loader][Arab Clock Bot] => Starting { type: node, dir: ArabClockBot, start_file: index.js, auto_restart: true }
[Loader][Arab Clock Bot] NodeJS => Installing Dependencies...
[Loader][Arab Clock Bot] NodeJS => Opening file index.js
node:internal/modules/cjs/loader:1249
  throw err;
  ^

Error: Cannot find module './models/Ticket'
Require stack:
- /home/container/ArabClockBot/index.js
    at Function._resolveFilename (node:internal/modules/cjs/loader:1246:15)
    at Function._load (node:internal/modules/cjs/loader:1072:27)
    at TracingChannel.traceSync (node:diagnostics_channel:322:14)
    at wrapModuleLoad (node:internal/modules/cjs/loader:216:24)
    at Module.require (node:internal/modules/cjs/loader:1337:12)
    at require (node:internal/modules/helpers:139:16)
    at Object.<anonymous> (/home/container/ArabClockBot/index.js:27:16)
    at Module._compile (node:internal/modules/cjs/loader:1572:14)
    at Object..js (node:internal/modules/cjs/loader:1709:10)
    at Module.load (node:internal/modules/cjs/loader:1315:32) {
  code: 'MODULE_NOT_FOUND',
  requireStack: [ '/home/container/ArabClockBot/index.js' ]
}

Node.js v23.1.0
[Loader][Arab Clock Bot] => Exited... Auto-Restart: true
[Loader][Arab Clock Bot] WARN => Auto-Restarting... Attempt 2
[Loader][Arab Clock Bot] => Starting { type: node, dir: ArabClockBot, start_file: index.js, auto_restart: true }
[Loader][Arab Clock Bot] NodeJS => Installing Dependencies...
[Loader][Arab Clock Bot] NodeJS => Opening file index.js
node:internal/modules/cjs/loader:1249
  throw err;
  ^

Error: Cannot find module './models/Ticket'
Require stack:
- /home/container/ArabClockBot/index.js
    at Function._resolveFilename (node:internal/modules/cjs/loader:1246:15)
    at Function._load (node:internal/modules/cjs/loader:1072:27)
    at TracingChannel.traceSync (node:diagnostics_channel:322:14)
    at wrapModuleLoad (node:internal/modules/cjs/loader:216:24)
    at Module.require (node:internal/modules/cjs/loader:1337:12)
    at require (node:internal/modules/helpers:139:16)
    at Object.<anonymous> (/home/container/ArabClockBot/index.js:27:16)
    at Module._compile (node:internal/modules/cjs/loader:1572:14)
    at Object..js (node:internal/modules/cjs/loader:1709:10)
    at Module.load (node:internal/modules/cjs/loader:1315:32) {
  code: 'MODULE_NOT_FOUND',
  requireStack: [ '/home/container/ArabClockBot/index.js' ]
}

Node.js v23.1.0
[Loader][Arab Clock Bot] => Exited... Auto-Restart: true
[Loader][Arab Clock Bot] ERROR => Too Many Attempts... Exiting.
